11:03:00 **** Incremental Build of configuration Debug for project extra_lab ****
Info: Internal Builder is used for build
gcc -O0 -g3 -Wall -c -fmessage-length=0 -o "src\\extra_lab.o" "..\\src\\extra_lab.c" 
..\src\extra_lab.c: In function 'main':
..\src\extra_lab.c:14:2: warning: this 'for' clause does not guard... [-Wmisleading-indentation]
  for(int i=0;i<10;i++) printf("%d",i);printf("\n");
  ^~~
..\src\extra_lab.c:14:39: note: ...this statement, but the latter is misleadingly indented as if it is guarded by the 'for'
  for(int i=0;i<10;i++) printf("%d",i);printf("\n");
                                       ^~~~~~
..\src\extra_lab.c:15:2: warning: this 'for' clause does not guard... [-Wmisleading-indentation]
  for(int i=1;i<10;i++) printf("%d",i);printf("\n");
  ^~~
..\src\extra_lab.c:15:39: note: ...this statement, but the latter is misleadingly indented as if it is guarded by the 'for'
  for(int i=1;i<10;i++) printf("%d",i);printf("\n");
                                       ^~~~~~
..\src\extra_lab.c:16:2: warning: this 'for' clause does not guard... [-Wmisleading-indentation]
  for(int i=2;i<10;i++) printf("%d",i);printf("\n");
  ^~~
..\src\extra_lab.c:16:39: note: ...this statement, but the latter is misleadingly indented as if it is guarded by the 'for'
  for(int i=2;i<10;i++) printf("%d",i);printf("\n");
                                       ^~~~~~
..\src\extra_lab.c:17:2: warning: this 'for' clause does not guard... [-Wmisleading-indentation]
  for(int i=3;i<10;i++) printf("%d",i);printf("\n");
  ^~~
..\src\extra_lab.c:17:39: note: ...this statement, but the latter is misleadingly indented as if it is guarded by the 'for'
  for(int i=3;i<10;i++) printf("%d",i);printf("\n");
                                       ^~~~~~
..\src\extra_lab.c:18:2: warning: this 'for' clause does not guard... [-Wmisleading-indentation]
  for(int i=4;i<10;i++) printf("%d",i);printf("\n");
  ^~~
..\src\extra_lab.c:18:39: note: ...this statement, but the latter is misleadingly indented as if it is guarded by the 'for'
  for(int i=4;i<10;i++) printf("%d",i);printf("\n");
                                       ^~~~~~
..\src\extra_lab.c:19:2: warning: this 'for' clause does not guard... [-Wmisleading-indentation]
  for(int i=5;i<10;i++) printf("%d",i);printf("\n");
  ^~~
..\src\extra_lab.c:19:39: note: ...this statement, but the latter is misleadingly indented as if it is guarded by the 'for'
  for(int i=5;i<10;i++) printf("%d",i);printf("\n");
                                       ^~~~~~
..\src\extra_lab.c:20:2: warning: this 'for' clause does not guard... [-Wmisleading-indentation]
  for(int i=6;i<10;i++) printf("%d",i);printf("\n");
  ^~~
..\src\extra_lab.c:20:39: note: ...this statement, but the latter is misleadingly indented as if it is guarded by the 'for'
  for(int i=6;i<10;i++) printf("%d",i);printf("\n");
                                       ^~~~~~
..\src\extra_lab.c:21:2: warning: this 'for' clause does not guard... [-Wmisleading-indentation]
  for(int i=7;i<10;i++) printf("%d",i);printf("\n");
  ^~~
..\src\extra_lab.c:21:39: note: ...this statement, but the latter is misleadingly indented as if it is guarded by the 'for'
  for(int i=7;i<10;i++) printf("%d",i);printf("\n");
                                       ^~~~~~
..\src\extra_lab.c:22:2: warning: this 'for' clause does not guard... [-Wmisleading-indentation]
  for(int i=8;i<10;i++) printf("%d",i);printf("\n");
  ^~~
..\src\extra_lab.c:22:39: note: ...this statement, but the latter is misleadingly indented as if it is guarded by the 'for'
  for(int i=8;i<10;i++) printf("%d",i);printf("\n");
                                       ^~~~~~
..\src\extra_lab.c:23:2: warning: this 'for' clause does not guard... [-Wmisleading-indentation]
  for(int i=9;i<10;i++) printf("%d",i);printf("\n");
  ^~~
..\src\extra_lab.c:23:39: note: ...this statement, but the latter is misleadingly indented as if it is guarded by the 'for'
  for(int i=9;i<10;i++) printf("%d",i);printf("\n");
                                       ^~~~~~
gcc -o extra_lab.exe "src\\extra_lab.o" 

11:03:01 Build Finished (took 328ms)

