2023-09-14 09:03:27,102 [INFO] Activator:178 - 


2023-09-14 09:03:27,107 [INFO] Activator:179 - !SESSION log4j initialized
2023-09-14 09:03:44,081 [INFO] ApplicationProperties:181 - Using Application install path: C:\ST\STM32CubeIDE_1.4.0\STM32CubeIDE\plugins\com.st.stm32cube.common.mx_6.0.0.202007160824
2023-09-14 09:03:44,089 [INFO] DbMcusXml:70 - Set database path to: C:\ST\STM32CubeIDE_1.4.0\STM32CubeIDE\plugins\com.st.stm32cube.common.mx_6.0.0.202007160824\\db\/mcu/
2023-09-14 09:03:44,092 [INFO] DbBoardsPdsc:56 - Set plugin database path to: C:\ST\STM32CubeIDE_1.4.0\STM32CubeIDE\plugins\com.st.stm32cube.common.mx_6.0.0.202007160824\\db\/plugins/boardmanager/
2023-09-14 09:03:44,092 [INFO] DbMcus:258 - Set plugin images path to: C:\ST\STM32CubeIDE_1.4.0\STM32CubeIDE\plugins\com.st.stm32cube.common.mx_6.0.0.202007160824\\db\/plugins/mcufinder/images/
2023-09-14 09:03:44,092 [INFO] DbBoards:264 - Set plugin images path to: C:\ST\STM32CubeIDE_1.4.0\STM32CubeIDE\plugins\com.st.stm32cube.common.mx_6.0.0.202007160824\\db\/plugins/mcufinder/images/
2023-09-14 09:03:44,095 [INFO] DbExamples:326 - Set plugin images path to: C:\ST\STM32CubeIDE_1.4.0\STM32CubeIDE\plugins\com.st.stm32cube.common.mx_6.0.0.202007160824\\db\/plugins/mcufinder/images/
2023-09-14 09:03:44,099 [INFO] DbMcusDocs:112 - Set database path to: C:\Users\Abdullah Mohamed\.stmcufinder\plugins\mcufinder//mcu/
2023-09-14 09:03:44,101 [INFO] DbMcusJson:63 - Set database path to: C:\Users\Abdullah Mohamed\.stmcufinder\plugins\mcufinder//mcu/
2023-09-14 09:03:44,101 [INFO] DbBoardsDocs:112 - Set database path to: C:\Users\Abdullah Mohamed\.stmcufinder\plugins\mcufinder//mcu/
2023-09-14 09:03:44,102 [INFO] DbBoardsJson:56 - Set database path to: C:\Users\Abdullah Mohamed\.stmcufinder\plugins\mcufinder//mcu/
2023-09-14 09:03:44,208 [INFO] CrossReferenceDbSqlite:196 - Set database path to: C:\Users\Abdullah Mohamed\.stmcufinder\plugins\mcufinder//mcu/cs/
2023-09-14 09:03:44,215 [INFO] DbExamplesSqlite:800 - Set database path to: C:\Users\Abdullah Mohamed\.stmcufinder\plugins\mcufinder//mcu/
2023-09-14 09:03:44,296 [INFO] RulesReader:52 - Compatibility file has been processed (209 Rules)
2023-09-14 09:03:44,353 [INFO] MicroXplorer:564 - Detected Java Version = 1.8.0_252
2023-09-14 09:03:44,353 [INFO] DbMcusXml:70 - Set database path to: C:\ST\STM32CubeIDE_1.4.0\STM32CubeIDE\plugins\com.st.stm32cube.common.mx_6.0.0.202007160824\\db\/mcu/
2023-09-14 09:03:44,353 [INFO] DbBoardsPdsc:56 - Set plugin database path to: C:\ST\STM32CubeIDE_1.4.0\STM32CubeIDE\plugins\com.st.stm32cube.common.mx_6.0.0.202007160824\\db\/plugins/boardmanager/
2023-09-14 09:03:44,354 [INFO] DbMcus:258 - Set plugin images path to: C:\ST\STM32CubeIDE_1.4.0\STM32CubeIDE\plugins\com.st.stm32cube.common.mx_6.0.0.202007160824\\db\/plugins/mcufinder/images/
2023-09-14 09:03:44,354 [INFO] DbBoards:264 - Set plugin images path to: C:\ST\STM32CubeIDE_1.4.0\STM32CubeIDE\plugins\com.st.stm32cube.common.mx_6.0.0.202007160824\\db\/plugins/mcufinder/images/
2023-09-14 09:03:44,354 [INFO] DbExamples:326 - Set plugin images path to: C:\ST\STM32CubeIDE_1.4.0\STM32CubeIDE\plugins\com.st.stm32cube.common.mx_6.0.0.202007160824\\db\/plugins/mcufinder/images/
2023-09-14 09:03:44,354 [WARN] DbFile:36 - Overriding database path with different value: C:\Users\Abdullah Mohamed\.stmcufinder\plugins\mcufinder/ => C:\Users\Abdullah Mohamed\.stmcufinder\plugins\mcufinder
2023-09-14 09:03:44,354 [INFO] DbMcusDocs:112 - Set database path to: C:\Users\Abdullah Mohamed\.stmcufinder\plugins\mcufinder//mcu/
2023-09-14 09:03:44,354 [WARN] DbFile:36 - Overriding database path with different value: C:\Users\Abdullah Mohamed\.stmcufinder\plugins\mcufinder/ => C:\Users\Abdullah Mohamed\.stmcufinder\plugins\mcufinder
2023-09-14 09:03:44,354 [INFO] DbMcusJson:63 - Set database path to: C:\Users\Abdullah Mohamed\.stmcufinder\plugins\mcufinder//mcu/
2023-09-14 09:03:44,354 [WARN] DbFile:36 - Overriding database path with different value: C:\Users\Abdullah Mohamed\.stmcufinder\plugins\mcufinder/ => C:\Users\Abdullah Mohamed\.stmcufinder\plugins\mcufinder
2023-09-14 09:03:44,355 [INFO] DbBoardsDocs:112 - Set database path to: C:\Users\Abdullah Mohamed\.stmcufinder\plugins\mcufinder//mcu/
2023-09-14 09:03:44,355 [WARN] DbFile:36 - Overriding database path with different value: C:\Users\Abdullah Mohamed\.stmcufinder\plugins\mcufinder/ => C:\Users\Abdullah Mohamed\.stmcufinder\plugins\mcufinder
2023-09-14 09:03:44,355 [INFO] DbBoardsJson:56 - Set database path to: C:\Users\Abdullah Mohamed\.stmcufinder\plugins\mcufinder//mcu/
2023-09-14 09:03:44,355 [WARN] DbFile:36 - Overriding database path with different value: C:\Users\Abdullah Mohamed\.stmcufinder\plugins\mcufinder/ => C:\Users\Abdullah Mohamed\.stmcufinder\plugins\mcufinder
2023-09-14 09:03:44,355 [WARN] DbFile:36 - Overriding database path with different value: C:\Users\Abdullah Mohamed\.stmcufinder\plugins\mcufinder/ => C:\Users\Abdullah Mohamed\.stmcufinder\plugins\mcufinder
2023-09-14 09:03:44,355 [INFO] CrossReferenceDbSqlite:196 - Set database path to: C:\Users\Abdullah Mohamed\.stmcufinder\plugins\mcufinder//mcu/cs/
2023-09-14 09:03:44,355 [WARN] DbFile:36 - Overriding database path with different value: C:\Users\Abdullah Mohamed\.stmcufinder\plugins\mcufinder/ => C:\Users\Abdullah Mohamed\.stmcufinder\plugins\mcufinder
2023-09-14 09:03:44,355 [INFO] DbExamplesSqlite:800 - Set database path to: C:\Users\Abdullah Mohamed\.stmcufinder\plugins\mcufinder//mcu/
2023-09-14 09:03:44,399 [INFO] MainPanel:189 - HeapMemory: 298844160
2023-09-14 09:03:44,452 [INFO] DbMcusXml:70 - Set database path to: C:\ST\STM32CubeIDE_1.4.0\STM32CubeIDE\plugins\com.st.stm32cube.common.mx_6.0.0.202007160824\\db\/mcu/
2023-09-14 09:03:44,452 [INFO] DbBoardsPdsc:56 - Set plugin database path to: C:\ST\STM32CubeIDE_1.4.0\STM32CubeIDE\plugins\com.st.stm32cube.common.mx_6.0.0.202007160824\\db\/plugins/boardmanager/
2023-09-14 09:03:44,452 [INFO] DbMcus:258 - Set plugin images path to: C:\ST\STM32CubeIDE_1.4.0\STM32CubeIDE\plugins\com.st.stm32cube.common.mx_6.0.0.202007160824\\db\/plugins/mcufinder/images/
2023-09-14 09:03:44,452 [INFO] DbBoards:264 - Set plugin images path to: C:\ST\STM32CubeIDE_1.4.0\STM32CubeIDE\plugins\com.st.stm32cube.common.mx_6.0.0.202007160824\\db\/plugins/mcufinder/images/
2023-09-14 09:03:44,452 [INFO] DbExamples:326 - Set plugin images path to: C:\ST\STM32CubeIDE_1.4.0\STM32CubeIDE\plugins\com.st.stm32cube.common.mx_6.0.0.202007160824\\db\/plugins/mcufinder/images/
2023-09-14 09:03:44,453 [WARN] DbFile:36 - Overriding database path with different value: C:\Users\Abdullah Mohamed\.stmcufinder\plugins\mcufinder/ => C:\Users\Abdullah Mohamed\.stmcufinder\plugins\mcufinder
2023-09-14 09:03:44,453 [INFO] DbMcusDocs:112 - Set database path to: C:\Users\Abdullah Mohamed\.stmcufinder\plugins\mcufinder//mcu/
2023-09-14 09:03:44,453 [WARN] DbFile:36 - Overriding database path with different value: C:\Users\Abdullah Mohamed\.stmcufinder\plugins\mcufinder/ => C:\Users\Abdullah Mohamed\.stmcufinder\plugins\mcufinder
2023-09-14 09:03:44,453 [INFO] DbMcusJson:63 - Set database path to: C:\Users\Abdullah Mohamed\.stmcufinder\plugins\mcufinder//mcu/
2023-09-14 09:03:44,453 [WARN] DbFile:36 - Overriding database path with different value: C:\Users\Abdullah Mohamed\.stmcufinder\plugins\mcufinder/ => C:\Users\Abdullah Mohamed\.stmcufinder\plugins\mcufinder
2023-09-14 09:03:44,453 [INFO] DbBoardsDocs:112 - Set database path to: C:\Users\Abdullah Mohamed\.stmcufinder\plugins\mcufinder//mcu/
2023-09-14 09:03:44,453 [WARN] DbFile:36 - Overriding database path with different value: C:\Users\Abdullah Mohamed\.stmcufinder\plugins\mcufinder/ => C:\Users\Abdullah Mohamed\.stmcufinder\plugins\mcufinder
2023-09-14 09:03:44,453 [INFO] DbBoardsJson:56 - Set database path to: C:\Users\Abdullah Mohamed\.stmcufinder\plugins\mcufinder//mcu/
2023-09-14 09:03:44,453 [WARN] DbFile:36 - Overriding database path with different value: C:\Users\Abdullah Mohamed\.stmcufinder\plugins\mcufinder/ => C:\Users\Abdullah Mohamed\.stmcufinder\plugins\mcufinder
2023-09-14 09:03:44,453 [WARN] DbFile:36 - Overriding database path with different value: C:\Users\Abdullah Mohamed\.stmcufinder\plugins\mcufinder/ => C:\Users\Abdullah Mohamed\.stmcufinder\plugins\mcufinder
2023-09-14 09:03:44,453 [INFO] CrossReferenceDbSqlite:196 - Set database path to: C:\Users\Abdullah Mohamed\.stmcufinder\plugins\mcufinder//mcu/cs/
2023-09-14 09:03:44,454 [WARN] DbFile:36 - Overriding database path with different value: C:\Users\Abdullah Mohamed\.stmcufinder\plugins\mcufinder/ => C:\Users\Abdullah Mohamed\.stmcufinder\plugins\mcufinder
2023-09-14 09:03:44,454 [INFO] DbExamplesSqlite:800 - Set database path to: C:\Users\Abdullah Mohamed\.stmcufinder\plugins\mcufinder//mcu/
2023-09-14 09:03:44,466 [INFO] ApplicationProperties:181 - Using Application install path: C:\ST\STM32CubeIDE_1.4.0\STM32CubeIDE\plugins\com.st.stm32cube.common.mx_6.0.0.202007160824
2023-09-14 09:03:44,467 [INFO] PluginManage:178 - Search for loadable plugins [exclusion list=, ]
2023-09-14 09:03:44,468 [INFO] PluginManage:292 - Check plugin analytics
2023-09-14 09:03:44,557 [INFO] AnalyticsPlugin:203 - Accepted Software Licenses: 
2023-09-14 09:03:44,558 [INFO] AnalyticsPlugin:205 - Accepted CMSIS Pack Licenses: 
2023-09-14 09:03:44,558 [INFO] AnalyticsPlugin:207 - Accepted Firmware Licenses: 
2023-09-14 09:03:44,558 [INFO] PluginManage:342 - Loaded plugin analytics (category:tool,tabindex:-1)
2023-09-14 09:03:44,558 [INFO] PluginManage:292 - Check plugin clock
2023-09-14 09:03:44,572 [INFO] PluginManage:342 - Loaded plugin clock (category:base,tabindex:2)
2023-09-14 09:03:44,573 [INFO] PluginManage:292 - Check plugin ddr
2023-09-14 09:03:44,574 [INFO] PluginManage:342 - Loaded plugin ddr (category:tool,tabindex:6)
2023-09-14 09:03:44,574 [INFO] PluginManage:292 - Check plugin filemanager
2023-09-14 09:03:44,648 [INFO] PluginManage:342 - Loaded plugin filemanager (category:base,tabindex:10)
2023-09-14 09:03:44,648 [INFO] PluginManage:292 - Check plugin ipmanager
2023-09-14 09:03:44,654 [INFO] PluginManage:342 - Loaded plugin ipmanager (category:base,tabindex:5)
2023-09-14 09:03:44,654 [INFO] PluginManage:292 - Check plugin pinoutandconfiguration
2023-09-14 09:03:44,666 [INFO] PluginManage:342 - Loaded plugin pinoutandconfiguration (category:base,tabindex:1)
2023-09-14 09:03:44,666 [INFO] PluginManage:292 - Check plugin pinoutconfig
2023-09-14 09:03:44,690 [INFO] PluginManage:342 - Loaded plugin pinoutconfig (category:base,tabindex:0)
2023-09-14 09:03:44,690 [INFO] PluginManage:292 - Check plugin power
2023-09-14 09:03:44,703 [INFO] PluginManage:342 - Loaded plugin power (category:power,tabindex:4)
2023-09-14 09:03:44,703 [INFO] PluginManage:292 - Check plugin projectmanager
2023-09-14 09:03:44,712 [INFO] PluginManage:342 - Loaded plugin projectmanager (category:projectmanager,tabindex:3)
2023-09-14 09:03:44,712 [INFO] PluginManage:292 - Check plugin thirdparty
2023-09-14 09:03:44,812 [INFO] ThirdPartyDb:333 - Open Third Party DataBase File (C:/Users/Abdullah Mohamed/.stm32cubemx/plugins/thirdparty/db/thirdparties_db.xml) : 37 ms. number of Sw pack : 44
2023-09-14 09:03:44,816 [INFO] PluginManage:342 - Loaded plugin thirdparty (category:base,tabindex:-1)
2023-09-14 09:03:44,816 [INFO] PluginManage:292 - Check plugin tools
2023-09-14 09:03:44,859 [INFO] PluginManage:342 - Loaded plugin tools (category:base,tabindex:7)
2023-09-14 09:03:44,859 [INFO] PluginManage:292 - Check plugin tutovideos
2023-09-14 09:03:45,024 [INFO] PluginManage:342 - Loaded plugin tutovideos (category:base,tabindex:-1)
2023-09-14 09:03:45,025 [INFO] PluginManage:292 - Check plugin updater
2023-09-14 09:03:45,035 [INFO] PluginManage:342 - Loaded plugin updater (category:base,tabindex:12)
2023-09-14 09:03:45,035 [INFO] PluginManage:265 - PluginManage : Loaded plugins [13]
2023-09-14 09:03:45,146 [INFO] PinOutPanel:1418 - setPackage(No Configuration,No Configuration)
2023-09-14 09:03:45,215 [INFO] IPUIPlugin:64 - create IPUIPlugin
2023-09-14 09:03:45,215 [INFO] PluginManager:200 - loadIPPluginJar : add adc
2023-09-14 09:03:45,241 [INFO] IPUIPlugin:64 - create IPUIPlugin
2023-09-14 09:03:45,241 [INFO] PluginManager:200 - loadIPPluginJar : add aes
2023-09-14 09:03:45,273 [INFO] IPUIPlugin:64 - create IPUIPlugin
2023-09-14 09:03:45,273 [INFO] PluginManager:200 - loadIPPluginJar : add can
2023-09-14 09:03:45,293 [INFO] IPUIPlugin:64 - create IPUIPlugin
2023-09-14 09:03:45,293 [INFO] PluginManager:200 - loadIPPluginJar : add comp
2023-09-14 09:03:45,315 [INFO] IPUIPlugin:64 - create IPUIPlugin
2023-09-14 09:03:45,315 [INFO] PluginManager:200 - loadIPPluginJar : add cryp
2023-09-14 09:03:45,337 [INFO] IPUIPlugin:64 - create IPUIPlugin
2023-09-14 09:03:45,338 [INFO] PluginManager:200 - loadIPPluginJar : add dfsdm
2023-09-14 09:03:45,347 [INFO] IPUIPlugin:64 - create IPUIPlugin
2023-09-14 09:03:45,347 [INFO] PluginManager:200 - loadIPPluginJar : add dma
2023-09-14 09:03:45,366 [INFO] IPUIPlugin:64 - create IPUIPlugin
2023-09-14 09:03:45,366 [INFO] PluginManager:200 - loadIPPluginJar : add fatfs
2023-09-14 09:03:45,401 [INFO] IPUIPlugin:64 - create IPUIPlugin
2023-09-14 09:03:45,401 [INFO] PluginManager:200 - loadIPPluginJar : add fmc
2023-09-14 09:03:45,414 [INFO] IPUIPlugin:64 - create IPUIPlugin
2023-09-14 09:03:45,414 [INFO] PluginManager:200 - loadIPPluginJar : add freertos
2023-09-14 09:03:45,432 [INFO] IPUIPlugin:64 - create IPUIPlugin
2023-09-14 09:03:45,432 [INFO] PluginManager:200 - loadIPPluginJar : add genericplugin
2023-09-14 09:03:45,496 [INFO] IPUIPlugin:64 - create IPUIPlugin
2023-09-14 09:03:45,497 [INFO] PluginManager:200 - loadIPPluginJar : add gfxmmu
2023-09-14 09:03:45,574 [INFO] IPUIPlugin:64 - create IPUIPlugin
2023-09-14 09:03:45,575 [INFO] PluginManager:200 - loadIPPluginJar : add gic
2023-09-14 09:03:45,587 [INFO] IPUIPlugin:64 - create IPUIPlugin
2023-09-14 09:03:45,587 [INFO] PluginManager:200 - loadIPPluginJar : add gpio
2023-09-14 09:03:45,627 [INFO] IPUIPlugin:64 - create IPUIPlugin
2023-09-14 09:03:45,627 [INFO] PluginManager:200 - loadIPPluginJar : add gtzc
2023-09-14 09:03:45,652 [INFO] IPUIPlugin:64 - create IPUIPlugin
2023-09-14 09:03:45,652 [INFO] PluginManager:200 - loadIPPluginJar : add hash
2023-09-14 09:03:45,716 [INFO] IPUIPlugin:64 - create IPUIPlugin
2023-09-14 09:03:45,716 [INFO] PluginManager:200 - loadIPPluginJar : add i2c
2023-09-14 09:03:45,751 [INFO] IPUIPlugin:64 - create IPUIPlugin
2023-09-14 09:03:45,751 [INFO] PluginManager:200 - loadIPPluginJar : add i2s
2023-09-14 09:03:45,760 [INFO] IPUIPlugin:64 - create IPUIPlugin
2023-09-14 09:03:45,761 [INFO] PluginManager:200 - loadIPPluginJar : add ipddr
2023-09-14 09:03:45,787 [INFO] IPUIPlugin:64 - create IPUIPlugin
2023-09-14 09:03:45,787 [INFO] PluginManager:200 - loadIPPluginJar : add ltdc
2023-09-14 09:03:45,796 [INFO] IPUIPlugin:64 - create IPUIPlugin
2023-09-14 09:03:45,796 [INFO] PluginManager:200 - loadIPPluginJar : add mdma
2023-09-14 09:03:45,804 [INFO] IPUIPlugin:64 - create IPUIPlugin
2023-09-14 09:03:45,804 [INFO] PluginManager:200 - loadIPPluginJar : add nvic
2023-09-14 09:03:45,837 [INFO] IPUIPlugin:64 - create IPUIPlugin
2023-09-14 09:03:45,838 [INFO] PluginManager:200 - loadIPPluginJar : add opamp
2023-09-14 09:03:45,880 [INFO] IPUIPlugin:64 - create IPUIPlugin
2023-09-14 09:03:45,880 [INFO] PluginManager:200 - loadIPPluginJar : add openamp
2023-09-14 09:03:45,913 [INFO] IPUIPlugin:64 - create IPUIPlugin
2023-09-14 09:03:45,914 [INFO] PluginManager:200 - loadIPPluginJar : add pdm2pcm
2023-09-14 09:03:45,924 [INFO] IPUIPlugin:64 - create IPUIPlugin
2023-09-14 09:03:45,926 [INFO] PluginManager:200 - loadIPPluginJar : add plateformsettings
2023-09-14 09:03:45,945 [INFO] IPUIPlugin:64 - create IPUIPlugin
2023-09-14 09:03:45,945 [INFO] PluginManager:200 - loadIPPluginJar : add quadspi
2023-09-14 09:03:45,953 [INFO] IPUIPlugin:64 - create IPUIPlugin
2023-09-14 09:03:45,953 [INFO] PluginManager:200 - loadIPPluginJar : add resmgrutility
2023-09-14 09:03:45,989 [INFO] IPUIPlugin:64 - create IPUIPlugin
2023-09-14 09:03:45,989 [INFO] PluginManager:200 - loadIPPluginJar : add sai
2023-09-14 09:03:46,020 [INFO] IPUIPlugin:64 - create IPUIPlugin
2023-09-14 09:03:46,020 [INFO] PluginManager:200 - loadIPPluginJar : add spi
2023-09-14 09:03:46,055 [INFO] IPUIPlugin:64 - create IPUIPlugin
2023-09-14 09:03:46,055 [INFO] PluginManager:200 - loadIPPluginJar : add stm32_wpan
2023-09-14 09:03:46,076 [INFO] IPUIPlugin:64 - create IPUIPlugin
2023-09-14 09:03:46,076 [INFO] PluginManager:200 - loadIPPluginJar : add tim
2023-09-14 09:03:46,121 [INFO] IPUIPlugin:64 - create IPUIPlugin
2023-09-14 09:03:46,122 [INFO] PluginManager:200 - loadIPPluginJar : add touchsensing
2023-09-14 09:03:46,144 [INFO] IPUIPlugin:64 - create IPUIPlugin
2023-09-14 09:03:46,144 [INFO] PluginManager:200 - loadIPPluginJar : add tracer_emb
2023-09-14 09:03:46,176 [INFO] IPUIPlugin:64 - create IPUIPlugin
2023-09-14 09:03:46,176 [INFO] PluginManager:200 - loadIPPluginJar : add ts
2023-09-14 09:03:46,195 [INFO] IPUIPlugin:64 - create IPUIPlugin
2023-09-14 09:03:46,196 [INFO] PluginManager:200 - loadIPPluginJar : add tsc
2023-09-14 09:03:46,215 [INFO] IPUIPlugin:64 - create IPUIPlugin
2023-09-14 09:03:46,215 [INFO] PluginManager:200 - loadIPPluginJar : add ucpd
2023-09-14 09:03:46,245 [INFO] IPUIPlugin:64 - create IPUIPlugin
2023-09-14 09:03:46,245 [INFO] PluginManager:200 - loadIPPluginJar : add usart
2023-09-14 09:03:46,615 [INFO] CubeProgrammer:457 - [DDR PANEL] - PathOfProgrammer: null
2023-09-14 09:03:47,056 [FATAL] Updater:282 - Updater called before beeing initialized
2023-09-14 09:03:47,163 [FATAL] Updater:282 - Updater called before beeing initialized
2023-09-14 09:03:47,163 [WARN] ThirdParty:775 - waiting for thirdparty lock release [close project]
2023-09-14 09:03:47,163 [INFO] ThirdParty:777 - entering critical section [close project]
2023-09-14 09:03:47,164 [INFO] ThirdParty:790 - exiting critical section [close project]
2023-09-14 09:03:47,165 [INFO] PinOutPanel:1418 - setPackage(No Configuration,No Configuration)
2023-09-14 09:03:47,166 [FATAL] Updater:282 - Updater called before beeing initialized
2023-09-14 09:03:47,178 [ERROR] Updater:967 - MainUpdater not yet initialized. External WinMGr cannot be set.
2023-09-14 09:03:47,179 [INFO] CubeProgrammer:457 - [DDR PANEL] - PathOfProgrammer: C:\ST\STM32CubeIDE_1.4.0\STM32CubeIDE\plugins\com.st.stm32cube.ide.mcu.externaltools.cubeprogrammer.win32_1.4.0.202007081208\tools\bin
2023-09-14 09:03:47,182 [INFO] ProgrammerExecThread:148 - [ProgrammerAPI] CubeProgrammer command construction: C:\ST\STM32CubeIDE_1.4.0\STM32CubeIDE\plugins\com.st.stm32cube.ide.mcu.externaltools.cubeprogrammer.win32_1.4.0.202007081208\tools\bin\STM32_Programmer_CLI.exe -l
2023-09-14 09:03:47,293 [INFO] MainDdrPanel:49 - [DDR PANEL] SETTER - Set cubeProgrammerPath to: C:\ST\STM32CubeIDE_1.4.0\STM32CubeIDE\plugins\com.st.stm32cube.ide.mcu.externaltools.cubeprogrammer.win32_1.4.0.202007081208\tools\bin
2023-09-14 09:03:47,402 [INFO] Updater:904 - Updater Version found : 6.0.0
2023-09-14 09:03:47,419 [INFO] ApplicationProperties:181 - Using Application install path: C:\ST\STM32CubeIDE_1.4.0\STM32CubeIDE\plugins\com.st.stm32cube.common.mx_6.0.0.202007160824
2023-09-14 09:03:47,646 [INFO] MainUpdater:2268 - connection check result : 10
2023-09-14 09:03:47,647 [INFO] MainUpdater:239 - Updater Check For Update Now.
2023-09-14 09:03:47,647 [INFO] MicroXplorer:414 - Change Database Version : DB.6.0.0
2023-09-14 09:03:47,696 [INFO] CheckServerUpdateThread:102 - End of CheckServer Thread
2023-09-14 09:03:47,778 [INFO] MainUpdater:2268 - connection check result : 10
2023-09-14 09:03:47,825 [WARN] IntegrityCheckThread:61 - waiting for thirdparty lock release [integrity check]
2023-09-14 09:03:47,827 [INFO] IntegrityCheckThread:63 - entering critical section [integrity check]
2023-09-14 09:03:48,055 [INFO] ThirdPartyDb:299 - Save Third Party DataBase File (C:/Users/Abdullah Mohamed/.stm32cubemx/plugins/thirdparty/db/thirdparties_db.xml) [forced]
2023-09-14 09:03:48,093 [INFO] ThirdPartyDb:299 - Save Third Party DataBase File (C:/Users/Abdullah Mohamed/.stm32cubemx/plugins/thirdparty/db/thirdparties_db.xml) [forced]
2023-09-14 09:03:48,138 [INFO] IntegrityCheckThread:76 - exiting critical section [integrity check]
2023-09-14 09:03:48,138 [INFO] IntegrityCheckThread:79 - End integrity checks thread
2023-09-14 09:03:48,142 [INFO] McuFinderGlobals:40 - Set McuFinder mode to 2 (CubeIDE integrated)
2023-09-14 09:03:48,247 [INFO] CrossSelectorPresenter:1330 - Cross Selector saved comparison directory: C:\Users\Abdullah Mohamed\.stmcufinder\plugins\mcufinder\mcu\cs_comparisons_mx
2023-09-14 09:03:48,253 [INFO] MultiScanPanel:193 - Auto-refresh data requested => check proxy status ongoing
2023-09-14 09:03:48,255 [INFO] FinderPluginLoader:87 - Searching for filters in installed packs
2023-09-14 09:03:48,255 [INFO] DbMcusXml:100 - Load MCU database from C:\ST\STM32CubeIDE_1.4.0\STM32CubeIDE\plugins\com.st.stm32cube.common.mx_6.0.0.202007160824\\db\/mcu/families.xml
2023-09-14 09:03:48,609 [INFO] DbMcusJson:92 - JSON generation date=Tue Nov 16 18:17:54 EET 2021 (1637079474)
2023-09-14 09:03:49,049 [INFO] DbMcus:175 - Found 1761 MCUs (1722 are supported by CubeMX, 1911 are visible in CubeMX)
2023-09-14 09:03:49,064 [INFO] ApiDb:201 - Load user favorites file C:\Users\Abdullah Mohamed/.stm32cubeide/favorites.mcus.txt: 1 item(s)
2023-09-14 09:03:49,065 [INFO] ApiDb:205 - User favorites MCUs=[STM32F030R8Tx]
2023-09-14 09:03:49,065 [INFO] DbMcus:187 - Set 1 / 1 favorites MCUs
2023-09-14 09:03:49,370 [INFO] LoadUrlFilesThread:162 - End of LoadServerUrlFiles without Thread
2023-09-14 09:03:49,389 [INFO] DetailPanel:331 - Set advertising image to C:/Users/Abdullah Mohamed/STM32Cube/Repository/\stm32cubemx-promo_image.jpg
2023-09-14 09:03:49,556 [INFO] McuFilterPanel:245 - Update 1 favorites MCUs
2023-09-14 09:03:49,614 [INFO] DbBoardsPdsc:94 - Found 23 items
2023-09-14 09:03:49,624 [INFO] DbBoardsPdsc:94 - Found 9 items
2023-09-14 09:03:49,636 [INFO] DbBoardsPdsc:94 - Found 29 items
2023-09-14 09:03:49,647 [INFO] DbBoardsPdsc:94 - Found 1 items
2023-09-14 09:03:49,663 [INFO] DbBoardsPdsc:94 - Found 44 items
2023-09-14 09:03:49,682 [INFO] DbBoardsPdsc:94 - Found 40 items
2023-09-14 09:03:49,689 [INFO] DbBoardsPdsc:94 - Found 2 items
2023-09-14 09:03:49,695 [INFO] DbBoardsPdsc:94 - Found 4 items
2023-09-14 09:03:49,698 [WARN] DbBoardsPdsc:258 - Board STM32H7B3I-DK: unknown feature type=Audio, name=, username=Audio stereo codec with Headphone Amp (CS42L51-CNZ), n=1
2023-09-14 09:03:49,700 [WARN] DbBoardsPdsc:258 - Board STM32H735G-DK: unknown feature type=Audio, name=, username=Audio stereo codec with Headphone Amp (WM8994ECS/R), n=1
2023-09-14 09:03:49,700 [WARN] DbBoardsPdsc:258 - Board STM32H7B3I-EVAL: unknown feature type=Audio, name=, username=Multi-Channel Audio Codec (CS42L51-CNZ), n=1
2023-09-14 09:03:49,700 [WARN] DbBoardsPdsc:258 - Board STM32H7B3I-EVAL: unknown feature type=Meter, name=, username=Power-metering and Temperature-monitoring with sigma-delta modulators, n=1
2023-09-14 09:03:49,701 [WARN] DbBoardsPdsc:258 - Board STM32H7B3I-EVAL: unknown feature type=Motor, name=, username=Motor Control, n=1
2023-09-14 09:03:49,729 [INFO] DbBoardsJson:85 - JSON generation date=Tue Nov 16 18:17:54 EET 2021 (1637079474)
2023-09-14 09:03:49,732 [INFO] DbBoards:117 - Found 166 boards (149 are supported by CubeMX)
2023-09-14 09:03:49,739 [INFO] DbBoardsDocs:145 - JSON generation date=Tue Nov 16 18:17:54 EET 2021 (1637079474)
2023-09-14 09:03:49,741 [INFO] DbBoardsDocs:81 - Found 209 boards documents
2023-09-14 09:03:49,742 [WARN] DbBoards:127 - board B-L475E-IOT01A2 has no document id list !
2023-09-14 09:03:49,742 [WARN] DbBoards:127 - board NUCLEO-H743ZI has no document id list !
2023-09-14 09:03:49,742 [WARN] DbBoards:127 - board P-NUCLEO-WB55-Nucleo has no document id list !
2023-09-14 09:03:49,742 [WARN] DbBoards:127 - board P-NUCLEO-WB55-USBDongle has no document id list !
2023-09-14 09:03:49,742 [WARN] DbBoards:127 - board STEVAL-BFA001V1B has no document id list !
2023-09-14 09:03:49,743 [WARN] DbBoards:127 - board STEVAL-BFA001V2B has no document id list !
2023-09-14 09:03:49,743 [WARN] DbBoards:127 - board STEVAL-IDP005V1 has no document id list !
2023-09-14 09:03:49,743 [WARN] DbBoards:127 - board STEVAL-IDP005V2 has no document id list !
2023-09-14 09:03:49,743 [WARN] DbBoards:127 - board STEVAL-MKSBOX1V1 has no document id list !
2023-09-14 09:03:49,743 [WARN] DbBoards:127 - board STEVAL-STWINKT1 has no document id list !
2023-09-14 09:03:49,743 [WARN] DbBoards:127 - board STEVAL-STWINKT1B has no document id list !
2023-09-14 09:03:49,743 [WARN] DbBoards:127 - board STM32439I-EVAL2 has no document id list !
2023-09-14 09:03:49,743 [WARN] DbBoards:127 - board STM32F401C-DISCO has no document id list !
2023-09-14 09:03:49,743 [WARN] DbBoards:127 - board STM32F769I-DISC1 has no document id list !
2023-09-14 09:03:49,743 [WARN] DbBoards:127 - board STM32G474E-EVAL1 has no document id list !
2023-09-14 09:03:49,743 [WARN] DbBoards:127 - board STM32H743I-EVAL2 has no document id list !
2023-09-14 09:03:49,743 [WARN] DbBoards:127 - board STM32H747I-DISC1 has no document id list !
2023-09-14 09:03:49,743 [WARN] DbBoards:127 - board STM32H753I-EVAL2 has no document id list !
2023-09-14 09:03:49,744 [WARN] DbBoards:127 - board STM32L-DISCOVERY has no document id list !
2023-09-14 09:03:49,800 [ERROR] DbBoards:189 - Image file not found for board B-L462E-CELL1: C:\ST\STM32CubeIDE_1.4.0\STM32CubeIDE\plugins\com.st.stm32cube.common.mx_6.0.0.202007160824\\db\/plugins/mcufinder/images/boards/B-L462E-CELL1_small.jpg
2023-09-14 09:03:49,829 [ERROR] DbBoards:189 - Image file not found for board B-U585I-IOT02A: C:\ST\STM32CubeIDE_1.4.0\STM32CubeIDE\plugins\com.st.stm32cube.common.mx_6.0.0.202007160824\\db\/plugins/mcufinder/images/boards/B-U585I-IOT02A_small.jpg
2023-09-14 09:03:49,879 [ERROR] DbBoards:189 - Image file not found for board NUCLEO-F413ZH: C:\ST\STM32CubeIDE_1.4.0\STM32CubeIDE\plugins\com.st.stm32cube.common.mx_6.0.0.202007160824\\db\/plugins/mcufinder/images/boards/nucleo-f413zh_small.jpg
2023-09-14 09:03:49,967 [ERROR] DbBoards:189 - Image file not found for board NUCLEO-L552ZE-Q: C:\ST\STM32CubeIDE_1.4.0\STM32CubeIDE\plugins\com.st.stm32cube.common.mx_6.0.0.202007160824\\db\/plugins/mcufinder/images/boards/nucleo_l552ze_q_small.jpg
2023-09-14 09:03:49,969 [ERROR] DbBoards:189 - Image file not found for board NUCLEO-U575ZI-Q: C:\ST\STM32CubeIDE_1.4.0\STM32CubeIDE\plugins\com.st.stm32cube.common.mx_6.0.0.202007160824\\db\/plugins/mcufinder/images/boards/nucleo-u575zi-q_small.jpg
2023-09-14 09:03:49,969 [ERROR] DbBoards:189 - Image file not found for board NUCLEO-WB15CC: C:\ST\STM32CubeIDE_1.4.0\STM32CubeIDE\plugins\com.st.stm32cube.common.mx_6.0.0.202007160824\\db\/plugins/mcufinder/images/boards/nucleo-wb15cc_small.jpg
2023-09-14 09:03:49,969 [ERROR] DbBoards:189 - Image file not found for board NUCLEO-WB55RG: C:\ST\STM32CubeIDE_1.4.0\STM32CubeIDE\plugins\com.st.stm32cube.common.mx_6.0.0.202007160824\\db\/plugins/mcufinder/images/boards/nucleo-wb55rg_small.jpg
2023-09-14 09:03:49,969 [ERROR] DbBoards:189 - Image file not found for board NUCLEO-WL55JC: C:\ST\STM32CubeIDE_1.4.0\STM32CubeIDE\plugins\com.st.stm32cube.common.mx_6.0.0.202007160824\\db\/plugins/mcufinder/images/boards/nucleo-wl55jc-small.jpg
2023-09-14 09:03:50,101 [ERROR] DbBoards:189 - Image file not found for board STEVAL-STWINKT1B: C:\ST\STM32CubeIDE_1.4.0\STM32CubeIDE\plugins\com.st.stm32cube.common.mx_6.0.0.202007160824\\db\/plugins/mcufinder/images/boards/steval-stwinkt1b_small.jpg
2023-09-14 09:03:50,303 [ERROR] DbBoards:189 - Image file not found for board STM32G0C1E-EV: C:\ST\STM32CubeIDE_1.4.0\STM32CubeIDE\plugins\com.st.stm32cube.common.mx_6.0.0.202007160824\\db\/plugins/mcufinder/images/boards/stm32g0c1e-eval_small.jpg
2023-09-14 09:03:50,354 [ERROR] DbBoards:189 - Image file not found for board STM32H7B3I-EVAL: C:\ST\STM32CubeIDE_1.4.0\STM32CubeIDE\plugins\com.st.stm32cube.common.mx_6.0.0.202007160824\\db\/plugins/mcufinder/images/boards/stm32h7b3ieval_small.jpg
2023-09-14 09:03:50,462 [ERROR] DbBoards:189 - Image file not found for board STM32U575I-EV: C:\ST\STM32CubeIDE_1.4.0\STM32CubeIDE\plugins\com.st.stm32cube.common.mx_6.0.0.202007160824\\db\/plugins/mcufinder/images/boards/stm32u575i-ev_small.jpg
2023-09-14 09:03:50,484 [ERROR] DbBoards:189 - Image file not found for board STM32WB5MM-DK: C:\ST\STM32CubeIDE_1.4.0\STM32CubeIDE\plugins\com.st.stm32cube.common.mx_6.0.0.202007160824\\db\/plugins/mcufinder/images/boards/STM32WB5MM-DK_small.jpg
2023-09-14 09:03:50,485 [INFO] ApiDb:201 - Load user favorites file C:\Users\Abdullah Mohamed/.stm32cubeide/favorites.boards.txt: 0 item(s)
2023-09-14 09:03:50,485 [INFO] ApiDb:205 - User favorites Boards=[]
2023-09-14 09:03:50,485 [INFO] DbBoards:206 - Set 0 / 0 favorites Boards
2023-09-14 09:04:07,556 [INFO] DbMcusDocs:145 - JSON generation date=Tue Nov 16 18:17:54 EET 2021 (1637079474)
2023-09-14 09:04:07,640 [INFO] DbMcusDocs:81 - Found 682 MCUs documents
2023-09-14 09:04:22,043 [INFO] RetryExec:97 - I/O exception (org.apache.http.NoHttpResponseException) caught when processing request to {s}->https://download.eclipse.org:443: The target server failed to respond
2023-09-14 09:04:22,046 [INFO] RetryExec:113 - Retrying request to {s}->https://download.eclipse.org:443
2023-09-14 09:04:22,822 [INFO] RetryExec:97 - I/O exception (org.apache.http.NoHttpResponseException) caught when processing request to {s}->https://archive.eclipse.org:443: The target server failed to respond
2023-09-14 09:04:22,823 [INFO] RetryExec:113 - Retrying request to {s}->https://archive.eclipse.org:443
2023-09-14 09:04:52,669 [INFO] LogOutputStream:76 - [STDOUT_REDIRECT] withoutVersionV1.8.4
2023-09-14 09:04:52,671 [INFO] LogOutputStream:76 - [STDOUT_REDIRECT] withoutVersionV1.8.3
2023-09-14 09:04:52,672 [INFO] LogOutputStream:76 - [STDOUT_REDIRECT] withoutVersionV1.8.2
2023-09-14 09:04:52,673 [INFO] LogOutputStream:76 - [STDOUT_REDIRECT] withoutVersionV1.8.1
2023-09-14 09:04:52,673 [INFO] LogOutputStream:76 - [STDOUT_REDIRECT] withoutVersionV1.8.0
2023-09-14 09:04:55,757 [INFO] ApiDb:226 - Save user favorites file C:\Users\Abdullah Mohamed/.stm32cubeide/favorites.mcus.txt: 1 item(s)
2023-09-14 09:04:55,757 [INFO] ApiDb:230 - User favorites MCUs=[STM32F030R8Tx]
